2017-05-26 09:16:13 [scrapy.utils.log] INFO: Scrapy 1.4.0 started (bot: gwentify)
2017-05-26 09:16:13 [scrapy.utils.log] INFO: Overridden settings: {'BOT_NAME': 'gwentify', 'FEED_FORMAT': 'csv', 'FEED_URI': 'spidersupergod.csv', 'LOG_FILE': 'mylog.log', 'NEWSPIDER_MODULE': 'gwentify.spiders', 'ROBOTSTXT_OBEY': True, 'SPIDER_MODULES': ['gwentify.spiders']}
2017-05-26 09:16:13 [scrapy.middleware] INFO: Enabled extensions:
['scrapy.extensions.corestats.CoreStats',
 'scrapy.extensions.telnet.TelnetConsole',
 'scrapy.extensions.feedexport.FeedExporter',
 'scrapy.extensions.logstats.LogStats']
2017-05-26 09:16:13 [scrapy.middleware] INFO: Enabled downloader middlewares:
['scrapy.downloadermiddlewares.robotstxt.RobotsTxtMiddleware',
 'scrapy.downloadermiddlewares.httpauth.HttpAuthMiddleware',
 'scrapy.downloadermiddlewares.downloadtimeout.DownloadTimeoutMiddleware',
 'scrapy.downloadermiddlewares.defaultheaders.DefaultHeadersMiddleware',
 'scrapy.downloadermiddlewares.useragent.UserAgentMiddleware',
 'scrapy.downloadermiddlewares.retry.RetryMiddleware',
 'scrapy.downloadermiddlewares.redirect.MetaRefreshMiddleware',
 'scrapy.downloadermiddlewares.httpcompression.HttpCompressionMiddleware',
 'scrapy.downloadermiddlewares.redirect.RedirectMiddleware',
 'scrapy.downloadermiddlewares.cookies.CookiesMiddleware',
 'scrapy.downloadermiddlewares.httpproxy.HttpProxyMiddleware',
 'scrapy.downloadermiddlewares.stats.DownloaderStats']
2017-05-26 09:16:13 [scrapy.middleware] INFO: Enabled spider middlewares:
['scrapy.spidermiddlewares.httperror.HttpErrorMiddleware',
 'scrapy.spidermiddlewares.offsite.OffsiteMiddleware',
 'scrapy.spidermiddlewares.referer.RefererMiddleware',
 'scrapy.spidermiddlewares.urllength.UrlLengthMiddleware',
 'scrapy.spidermiddlewares.depth.DepthMiddleware']
2017-05-26 09:16:13 [scrapy.middleware] INFO: Enabled item pipelines:
[]
2017-05-26 09:16:13 [scrapy.core.engine] INFO: Spider opened
2017-05-26 09:16:13 [scrapy.extensions.logstats] INFO: Crawled 0 pages (at 0 pages/min), scraped 0 items (at 0 items/min)
2017-05-26 09:16:13 [scrapy.extensions.telnet] DEBUG: Telnet console listening on 127.0.0.1:6023
2017-05-26 09:16:14 [scrapy.core.engine] DEBUG: Crawled (404) <GET http://gwentify.com/robots.txt> (referer: None)
2017-05-26 09:16:15 [scrapy.core.engine] DEBUG: Crawled (200) <GET http://gwentify.com/card-category/faction/monsters/> (referer: None)
2017-05-26 09:16:15 [scrapy.core.scraper] ERROR: Spider error processing <GET http://gwentify.com/card-category/faction/monsters/> (referer: None)
Traceback (most recent call last):
  File "c:\users\darren\anaconda3\lib\site-packages\parsel\selector.py", line 222, in xpath
    **kwargs)
  File "src\lxml\lxml.etree.pyx", line 1587, in lxml.etree._Element.xpath (src\lxml\lxml.etree.c:59353)
  File "src\lxml\xpath.pxi", line 307, in lxml.etree.XPathElementEvaluator.__call__ (src\lxml\lxml.etree.c:171233)
  File "src\lxml\xpath.pxi", line 227, in lxml.etree._XPathEvaluatorBase._handle_result (src\lxml\lxml.etree.c:170190)
lxml.etree.XPathEvalError: Invalid expression

During handling of the above exception, another exception occurred:

Traceback (most recent call last):
  File "c:\users\darren\anaconda3\lib\site-packages\scrapy\utils\defer.py", line 102, in iter_errback
    yield next(it)
  File "c:\users\darren\anaconda3\lib\site-packages\scrapy\spidermiddlewares\offsite.py", line 29, in process_spider_output
    for x in result:
  File "c:\users\darren\anaconda3\lib\site-packages\scrapy\spidermiddlewares\referer.py", line 339, in <genexpr>
    return (_set_referer(r) for r in result or ())
  File "c:\users\darren\anaconda3\lib\site-packages\scrapy\spidermiddlewares\urllength.py", line 37, in <genexpr>
    return (r for r in result or () if _filter(r))
  File "c:\users\darren\anaconda3\lib\site-packages\scrapy\spidermiddlewares\depth.py", line 58, in <genexpr>
    return (r for r in result or () if _filter(r))
  File "C:\Users\Darren\Desktop\Workspace\myScrapy\gwentify\gwentify\spiders\gwent.py", line 17, in parse
    'CARDNAME': ''.join(response.xpath('(//h2[@class="entry-title"])[{}]/a/text()').format(str(i+1)).extract()),
  File "c:\users\darren\anaconda3\lib\site-packages\scrapy\http\response\text.py", line 119, in xpath
    return self.selector.xpath(query, **kwargs)
  File "c:\users\darren\anaconda3\lib\site-packages\parsel\selector.py", line 226, in xpath
    six.reraise(ValueError, ValueError(msg), sys.exc_info()[2])
  File "c:\users\darren\anaconda3\lib\site-packages\six.py", line 685, in reraise
    raise value.with_traceback(tb)
  File "c:\users\darren\anaconda3\lib\site-packages\parsel\selector.py", line 222, in xpath
    **kwargs)
  File "src\lxml\lxml.etree.pyx", line 1587, in lxml.etree._Element.xpath (src\lxml\lxml.etree.c:59353)
  File "src\lxml\xpath.pxi", line 307, in lxml.etree.XPathElementEvaluator.__call__ (src\lxml\lxml.etree.c:171233)
  File "src\lxml\xpath.pxi", line 227, in lxml.etree._XPathEvaluatorBase._handle_result (src\lxml\lxml.etree.c:170190)
ValueError: XPath error: Invalid expression in (//h2[@class="entry-title"])[{}]/a/text()
2017-05-26 09:16:15 [scrapy.core.engine] INFO: Closing spider (finished)
2017-05-26 09:16:15 [scrapy.statscollectors] INFO: Dumping Scrapy stats:
{'downloader/request_bytes': 523,
 'downloader/request_count': 2,
 'downloader/request_method_count/GET': 2,
 'downloader/response_bytes': 11294,
 'downloader/response_count': 2,
 'downloader/response_status_count/200': 1,
 'downloader/response_status_count/404': 1,
 'finish_reason': 'finished',
 'finish_time': datetime.datetime(2017, 5, 26, 1, 16, 15, 311360),
 'log_count/DEBUG': 3,
 'log_count/ERROR': 1,
 'log_count/INFO': 7,
 'response_received_count': 2,
 'scheduler/dequeued': 1,
 'scheduler/dequeued/memory': 1,
 'scheduler/enqueued': 1,
 'scheduler/enqueued/memory': 1,
 'spider_exceptions/ValueError': 1,
 'start_time': datetime.datetime(2017, 5, 26, 1, 16, 13, 877479)}
2017-05-26 09:16:15 [scrapy.core.engine] INFO: Spider closed (finished)
